{"/home/arcades/Documents/The_Odin_Project/Javascript/Testing Basics/functions.js": {"path":"/home/arcades/Documents/The_Odin_Project/Javascript/Testing Basics/functions.js","statementMap":{"0":{"start":{"line":2,"column":2},"end":{"line":2,"column":15}},"1":{"start":{"line":6,"column":15},"end":{"line":6,"column":25}},"2":{"start":{"line":7,"column":2},"end":{"line":7,"column":18}},"3":{"start":{"line":8,"column":2},"end":{"line":8,"column":14}},"4":{"start":{"line":12,"column":2},"end":{"line":12,"column":11}},"5":{"start":{"line":13,"column":2},"end":{"line":13,"column":11}},"6":{"start":{"line":16,"column":0},"end":{"line":16,"column":53}}},"fnMap":{"0":{"name":"sum","decl":{"start":{"line":1,"column":9},"end":{"line":1,"column":12}},"loc":{"start":{"line":1,"column":19},"end":{"line":3,"column":1}},"line":1},"1":{"name":"objectAssign","decl":{"start":{"line":5,"column":9},"end":{"line":5,"column":21}},"loc":{"start":{"line":5,"column":28},"end":{"line":9,"column":1}},"line":5},"2":{"name":"nullFunction","decl":{"start":{"line":11,"column":9},"end":{"line":11,"column":21}},"loc":{"start":{"line":11,"column":25},"end":{"line":14,"column":1}},"line":11}},"branchMap":{},"s":{"0":2,"1":1,"2":1,"3":1,"4":5,"5":5,"6":1},"f":{"0":2,"1":1,"2":5},"b":{},"_coverageSchema":"1a1c01bbd47fc00a2c39e90264f33305004495a9","hash":"566c598a6f3667ccfbab613ea1ffaba41421c49f"}
}
