<?xml version="1.0" encoding="UTF-8"?>
<coverage generated="1630599930708" clover="3.2.0">
  <project timestamp="1630599930708" name="All files">
    <metrics statements="19" coveredstatements="19" conditionals="6" coveredconditionals="6" methods="10" coveredmethods="10" elements="35" coveredelements="35" complexity="0" loc="19" ncloc="19" packages="1" files="1" classes="1"/>
    <file name="tests.js" path="/home/arcades/Documents/The_Odin_Project/Javascript/Testing Practice/tests.js">
      <metrics statements="19" coveredstatements="19" conditionals="6" coveredconditionals="6" methods="10" coveredmethods="10"/>
      <line num="2" count="1" type="stmt"/>
      <line num="6" count="1" type="stmt"/>
      <line num="9" count="1" type="stmt"/>
      <line num="10" count="1" type="stmt"/>
      <line num="11" count="1" type="stmt"/>
      <line num="12" count="1" type="stmt"/>
      <line num="13" count="1" type="stmt"/>
      <line num="18" count="6" type="cond" truecount="2" falsecount="0"/>
      <line num="19" count="1" type="stmt"/>
      <line num="22" count="5" type="stmt"/>
      <line num="25" count="39" type="stmt"/>
      <line num="27" count="39" type="cond" truecount="2" falsecount="0"/>
      <line num="28" count="8" type="stmt"/>
      <line num="32" count="31" type="cond" truecount="2" falsecount="0"/>
      <line num="40" count="1" type="stmt"/>
      <line num="41" count="4" type="stmt"/>
      <line num="42" count="1" type="stmt"/>
      <line num="43" count="1" type="stmt"/>
      <line num="44" count="1" type="stmt"/>
    </file>
  </project>
</coverage>
