{"/home/arcades/Documents/The_Odin_Project/Javascript/Testing Practice/tests.js": {"path":"/home/arcades/Documents/The_Odin_Project/Javascript/Testing Practice/tests.js","statementMap":{"0":{"start":{"line":2,"column":2},"end":{"line":2,"column":51}},"1":{"start":{"line":6,"column":2},"end":{"line":6,"column":45}},"2":{"start":{"line":9,"column":19},"end":{"line":14,"column":1}},"3":{"start":{"line":10,"column":17},"end":{"line":10,"column":22}},"4":{"start":{"line":11,"column":22},"end":{"line":11,"column":27}},"5":{"start":{"line":12,"column":20},"end":{"line":12,"column":25}},"6":{"start":{"line":13,"column":22},"end":{"line":13,"column":27}},"7":{"start":{"line":18,"column":2},"end":{"line":20,"column":3}},"8":{"start":{"line":19,"column":4},"end":{"line":19,"column":18}},"9":{"start":{"line":22,"column":2},"end":{"line":36,"column":14}},"10":{"start":{"line":25,"column":19},"end":{"line":25,"column":42}},"11":{"start":{"line":27,"column":6},"end":{"line":29,"column":7}},"12":{"start":{"line":28,"column":8},"end":{"line":28,"column":25}},"13":{"start":{"line":32,"column":6},"end":{"line":34,"column":63}},"14":{"start":{"line":40,"column":17},"end":{"line":40,"column":29}},"15":{"start":{"line":41,"column":18},"end":{"line":41,"column":56}},"16":{"start":{"line":41,"column":41},"end":{"line":41,"column":46}},"17":{"start":{"line":42,"column":14},"end":{"line":42,"column":32}},"18":{"start":{"line":43,"column":14},"end":{"line":43,"column":32}},"19":{"start":{"line":44,"column":2},"end":{"line":49,"column":4}}},"fnMap":{"0":{"name":"capitalize","decl":{"start":{"line":1,"column":9},"end":{"line":1,"column":19}},"loc":{"start":{"line":1,"column":28},"end":{"line":3,"column":1}},"line":1},"1":{"name":"reverseString","decl":{"start":{"line":5,"column":9},"end":{"line":5,"column":22}},"loc":{"start":{"line":5,"column":31},"end":{"line":7,"column":1}},"line":5},"2":{"name":"(anonymous_2)","decl":{"start":{"line":10,"column":7},"end":{"line":10,"column":8}},"loc":{"start":{"line":10,"column":17},"end":{"line":10,"column":22}},"line":10},"3":{"name":"(anonymous_3)","decl":{"start":{"line":11,"column":12},"end":{"line":11,"column":13}},"loc":{"start":{"line":11,"column":22},"end":{"line":11,"column":27}},"line":11},"4":{"name":"(anonymous_4)","decl":{"start":{"line":12,"column":10},"end":{"line":12,"column":11}},"loc":{"start":{"line":12,"column":20},"end":{"line":12,"column":25}},"line":12},"5":{"name":"(anonymous_5)","decl":{"start":{"line":13,"column":12},"end":{"line":13,"column":13}},"loc":{"start":{"line":13,"column":22},"end":{"line":13,"column":27}},"line":13},"6":{"name":"caesar","decl":{"start":{"line":16,"column":9},"end":{"line":16,"column":15}},"loc":{"start":{"line":16,"column":31},"end":{"line":37,"column":1}},"line":16},"7":{"name":"(anonymous_7)","decl":{"start":{"line":24,"column":9},"end":{"line":24,"column":10}},"loc":{"start":{"line":24,"column":24},"end":{"line":35,"column":5}},"line":24},"8":{"name":"analyzeArray","decl":{"start":{"line":39,"column":9},"end":{"line":39,"column":21}},"loc":{"start":{"line":39,"column":29},"end":{"line":50,"column":1}},"line":39},"9":{"name":"(anonymous_9)","decl":{"start":{"line":41,"column":31},"end":{"line":41,"column":32}},"loc":{"start":{"line":41,"column":41},"end":{"line":41,"column":46}},"line":41}},"branchMap":{"0":{"loc":{"start":{"line":18,"column":2},"end":{"line":20,"column":3}},"type":"if","locations":[{"start":{"line":18,"column":2},"end":{"line":20,"column":3}},{"start":{"line":18,"column":2},"end":{"line":20,"column":3}}],"line":18},"1":{"loc":{"start":{"line":27,"column":6},"end":{"line":29,"column":7}},"type":"if","locations":[{"start":{"line":27,"column":6},"end":{"line":29,"column":7}},{"start":{"line":27,"column":6},"end":{"line":29,"column":7}}],"line":27},"2":{"loc":{"start":{"line":32,"column":13},"end":{"line":34,"column":62}},"type":"cond-expr","locations":[{"start":{"line":33,"column":10},"end":{"line":33,"column":62}},{"start":{"line":34,"column":10},"end":{"line":34,"column":62}}],"line":32}},"s":{"0":1,"1":1,"2":1,"3":1,"4":1,"5":1,"6":1,"7":6,"8":1,"9":5,"10":39,"11":39,"12":8,"13":31,"14":1,"15":1,"16":4,"17":1,"18":1,"19":1},"f":{"0":1,"1":1,"2":1,"3":1,"4":1,"5":1,"6":6,"7":39,"8":1,"9":4},"b":{"0":[1,5],"1":[8,31],"2":[17,14]},"_coverageSchema":"1a1c01bbd47fc00a2c39e90264f33305004495a9","hash":"95a251a3c1b80b688cb6d8f1637cd4307a34854d"}
}
