TN:
SF:tests.js
FN:1,capitalize
FN:5,reverseString
FN:10,(anonymous_2)
FN:11,(anonymous_3)
FN:12,(anonymous_4)
FN:13,(anonymous_5)
FN:16,caesar
FN:24,(anonymous_7)
FN:39,analyzeArray
FN:41,(anonymous_9)
FNF:10
FNH:10
FNDA:1,capitalize
FNDA:1,reverseString
FNDA:1,(anonymous_2)
FNDA:1,(anonymous_3)
FNDA:1,(anonymous_4)
FNDA:1,(anonymous_5)
FNDA:6,caesar
FNDA:39,(anonymous_7)
FNDA:1,analyzeArray
FNDA:4,(anonymous_9)
DA:2,1
DA:6,1
DA:9,1
DA:10,1
DA:11,1
DA:12,1
DA:13,1
DA:18,6
DA:19,1
DA:22,5
DA:25,39
DA:27,39
DA:28,8
DA:32,31
DA:40,1
DA:41,4
DA:42,1
DA:43,1
DA:44,1
DA:52,1
LF:20
LH:20
BRDA:18,0,0,1
BRDA:18,0,1,5
BRDA:27,1,0,8
BRDA:27,1,1,31
BRDA:32,2,0,17
BRDA:32,2,1,14
BRF:6
BRH:6
end_of_record
